<?xml version="1.0" encoding="UTF-8"?>
<testsuite name="ParcelTest" tests="3" skipped="0" failures="0" errors="0" timestamp="2016-04-25T22:11:05" hostname="epicodus-38.local" time="0.001">
  <properties/>
  <testcase name="ParcelVolumeCorrect" classname="ParcelTest" time="0.001"/>
  <testcase name="newParcelExsits" classname="ParcelTest" time="0.0"/>
  <testcase name="CostToShip" classname="ParcelTest" time="0.0"/>
  <system-out><![CDATA[]]></system-out>
  <system-err><![CDATA[]]></system-err>
</testsuite>
